Added Component: Designator=Bz1(ABSM-1574)
Add component. Clean all parameters for all variants
Add component (AddParameter): Name = "ComponentLink2Description"; Value = "445-2525-1-ND"; VariantName = "[No Variations]"
Add component (AddParameter): Name = "ComponentLink2URL"; Value = "https://www.digikey.com/product-detail/en/tdk-corporation/PS1240P02BT/445-2525-1-ND/935930"; VariantName = "[No Variations]"
Add component (AddParameter): Name = "DatasheetVersion"; Value = "17-Dec-2003"; VariantName = "[No Variations]"
Add component (AddParameter): Name = "LatestRevisionDate"; Value = "17-Dec-2003"; VariantName = "[No Variations]"
Add component (AddParameter): Name = "LatestRevisionNote"; Value = "Schematic revised, PCB Footprint replaced."; VariantName = "[No Variations]"
Add component (AddParameter): Name = "PackageDescription"; Value = "Magnetic Transducer Buzzer"; VariantName = "[No Variations]"
Add component (AddParameter): Name = "PackageReference"; Value = "ABSM-1574"; VariantName = "[No Variations]"
Add component (AddParameter): Name = "Published"; Value = "24-Mar-1999"; VariantName = "[No Variations]"
Add component (AddParameter): Name = "Publisher"; Value = "Altium Limited"; VariantName = "[No Variations]"
Added Component: Designator=D1(LED-1)
Add component. Clean all parameters for all variants
Add component (AddParameter): Name = "ComponentLink1Description"; Value = "516-1792-1-ND"; VariantName = "[No Variations]"
Add component (AddParameter): Name = "ComponentLink1URL"; Value = "https://www.digikey.com/product-detail/en/broadcom-limited/HLMP-1790-A0002/516-1792-1-ND/1966498"; VariantName = "[No Variations]"
Add component (AddParameter): Name = "LatestRevisionDate"; Value = "08-Jul-2005"; VariantName = "[No Variations]"
Add component (AddParameter): Name = "LatestRevisionNote"; Value = "Mech Layer 1 removed."; VariantName = "[No Variations]"
Add component (AddParameter): Name = "PackageDescription"; Value = "LED; 2 Leads"; VariantName = "[No Variations]"
Add component (AddParameter): Name = "PackageReference"; Value = "LED-1"; VariantName = "[No Variations]"
Add component (AddParameter): Name = "Published"; Value = "8-Jun-2000"; VariantName = "[No Variations]"
Add component (AddParameter): Name = "Publisher"; Value = "Altium Limited"; VariantName = "[No Variations]"
Added Component: Designator=P1(VR5)
Add component. Clean all parameters for all variants
Add component (AddParameter): Name = "ComponentLink1Description"; Value = "3362P-103TLF-ND"; VariantName = "[No Variations]"
Add component (AddParameter): Name = "ComponentLink1URL"; Value = "https://www.digikey.com/product-detail/en/bourns-inc/3362P-1-103TLF/3362P-103TLF-ND/1232540"; VariantName = "[No Variations]"
Add component (AddParameter): Name = "LatestRevisionDate"; Value = "17-Jul-2002"; VariantName = "[No Variations]"
Add component (AddParameter): Name = "LatestRevisionNote"; Value = "Re-released for DXP Platform."; VariantName = "[No Variations]"
Add component (AddParameter): Name = "PackageDescription"; Value = "Variable Resistor, Thru-Hole; 3 Leads"; VariantName = "[No Variations]"
Add component (AddParameter): Name = "PackageReference"; Value = "VR5"; VariantName = "[No Variations]"
Add component (AddParameter): Name = "Published"; Value = "8-Jun-2000"; VariantName = "[No Variations]"
Add component (AddParameter): Name = "Publisher"; Value = "Altium Limited"; VariantName = "[No Variations]"
Add component (AddParameter): Name = "Set Position"; Value = "0.5"; VariantName = "[No Variations]"
Add component (AddParameter): Name = "Sim Note"; Value = "Enter the Resistance value and the set point into parameter fields."; VariantName = "[No Variations]"
Add component (AddParameter): Name = "Value"; Value = "10k"; VariantName = "[No Variations]"
Added Component: Designator=P?(HDR1X10)
Add component. Clean all parameters for all variants
Add component (AddParameter): Name = "LatestRevisionDate"; Value = "17-Jul-2002"; VariantName = "[No Variations]"
Add component (AddParameter): Name = "LatestRevisionNote"; Value = "Re-released for DXP Platform."; VariantName = "[No Variations]"
Add component (AddParameter): Name = "Publisher"; Value = "Altium Limited"; VariantName = "[No Variations]"
Added Component: Designator=P?(HDR1X8)
Add component. Clean all parameters for all variants
Add component (AddParameter): Name = "LatestRevisionDate"; Value = "17-Jul-2002"; VariantName = "[No Variations]"
Add component (AddParameter): Name = "LatestRevisionNote"; Value = "Re-released for DXP Platform."; VariantName = "[No Variations]"
Add component (AddParameter): Name = "Publisher"; Value = "Altium Limited"; VariantName = "[No Variations]"
Added Component: Designator=P?(HDR1X8)
Add component. Clean all parameters for all variants
Add component (AddParameter): Name = "LatestRevisionDate"; Value = "17-Jul-2002"; VariantName = "[No Variations]"
Add component (AddParameter): Name = "LatestRevisionNote"; Value = "Re-released for DXP Platform."; VariantName = "[No Variations]"
Add component (AddParameter): Name = "Publisher"; Value = "Altium Limited"; VariantName = "[No Variations]"
Added Component: Designator=P?(HDR1X6)
Add component. Clean all parameters for all variants
Add component (AddParameter): Name = "LatestRevisionDate"; Value = "17-Jul-2002"; VariantName = "[No Variations]"
Add component (AddParameter): Name = "LatestRevisionNote"; Value = "Re-released for DXP Platform."; VariantName = "[No Variations]"
Add component (AddParameter): Name = "Publisher"; Value = "Altium Limited"; VariantName = "[No Variations]"
Added Component: Designator=R1(AXIAL-0.3)
Add component. Clean all parameters for all variants
Add component (AddParameter): Name = "ComponentLink1Description"; Value = "9.53KXBK-ND"; VariantName = "[No Variations]"
Add component (AddParameter): Name = "ComponentLink1URL"; Value = "https://www.digikey.com/product-detail/en/yageo/MFR-25FBF52-9K53/9.53KXBK-ND/13215"; VariantName = "[No Variations]"
Add component (AddParameter): Name = "LatestRevisionDate"; Value = "17-Jul-2002"; VariantName = "[No Variations]"
Add component (AddParameter): Name = "LatestRevisionNote"; Value = "Re-released for DXP Platform."; VariantName = "[No Variations]"
Add component (AddParameter): Name = "PackageDescription"; Value = "Axial Device, Thru-Hole; 2 Leads; 0.3 in Pin Spacing"; VariantName = "[No Variations]"
Add component (AddParameter): Name = "PackageReference"; Value = "AXIAL-0.3"; VariantName = "[No Variations]"
Add component (AddParameter): Name = "Published"; Value = "8-Jun-2000"; VariantName = "[No Variations]"
Add component (AddParameter): Name = "Publisher"; Value = "Altium Limited"; VariantName = "[No Variations]"
Add component (AddParameter): Name = "Value"; Value = "9.53k"; VariantName = "[No Variations]"
Added Component: Designator=R2(AXIAL-0.3)
Add component. Clean all parameters for all variants
Add component (AddParameter): Name = "ComponentLink1Description"; Value = "CF14JT820RCT-ND"; VariantName = "[No Variations]"
Add component (AddParameter): Name = "ComponentLink1URL"; Value = "https://www.digikey.com/product-detail/en/stackpole-electronics-inc/CF14JT820R/CF14JT820RCT-ND/1830348"; VariantName = "[No Variations]"
Add component (AddParameter): Name = "LatestRevisionDate"; Value = "17-Jul-2002"; VariantName = "[No Variations]"
Add component (AddParameter): Name = "LatestRevisionNote"; Value = "Re-released for DXP Platform."; VariantName = "[No Variations]"
Add component (AddParameter): Name = "PackageDescription"; Value = "Axial Device, Thru-Hole; 2 Leads; 0.3 in Pin Spacing"; VariantName = "[No Variations]"
Add component (AddParameter): Name = "PackageReference"; Value = "AXIAL-0.3"; VariantName = "[No Variations]"
Add component (AddParameter): Name = "Published"; Value = "8-Jun-2000"; VariantName = "[No Variations]"
Add component (AddParameter): Name = "Publisher"; Value = "Altium Limited"; VariantName = "[No Variations]"
Add component (AddParameter): Name = "Value"; Value = "820"; VariantName = "[No Variations]"
Added Pin To Net: NetName=+3.3V Pin=P?-5
Added Net: Name=+3.3V
Added Pin To Net: NetName=+5V Pin=P?-4
Added Pin To Net: NetName=+5V Pin=R1-2
Added Net: Name=+5V
Added Net: Name=0
Added Net: Name=1
Added Net: Name=2
Added Net: Name=3
Added Net: Name=4
Added Net: Name=5
Added Net: Name=6
Added Net: Name=7
Added Pin To Net: NetName=8 Pin=P?-1
Added Net: Name=8
Added Pin To Net: NetName=9 Pin=P?-2
Added Net: Name=9
Added Pin To Net: NetName=10 Pin=P?-3
Added Net: Name=10
Added Pin To Net: NetName=11 Pin=P?-4
Added Net: Name=11
Added Pin To Net: NetName=12 Pin=P?-5
Added Net: Name=12
Added Pin To Net: NetName=13 Pin=P?-6
Added Net: Name=13
Added Pin To Net: NetName=A0 Pin=P?-6
Added Net: Name=A0
Added Pin To Net: NetName=A1 Pin=P?-5
Added Net: Name=A1
Added Pin To Net: NetName=A2 Pin=P?-4
Added Net: Name=A2
Added Pin To Net: NetName=A3 Pin=P?-3
Added Net: Name=A3
Added Pin To Net: NetName=A4 Pin=P?-2
Added Net: Name=A4
Added Pin To Net: NetName=A5 Pin=P?-1
Added Net: Name=A5
Added Pin To Net: NetName=AREF Pin=P?-8
Added Net: Name=AREF
Added Net: Name=A
Added Net: Name=B
Added Net: Name=C
Added Net: Name=Dp
Added Net: Name=D
Added Net: Name=E
Added Net: Name=F
Added Pin To Net: NetName=GND Pin=P1-2
Added Pin To Net: NetName=GND Pin=P?-2
Added Pin To Net: NetName=GND Pin=P?-3
Added Pin To Net: NetName=GND Pin=P?-7
Added Pin To Net: NetName=GND Pin=R2-1
Added Net: Name=GND
Added Net: Name=G
Added Pin To Net: NetName=IOREF Pin=P?-7
Added Net: Name=IOREF
Added Pin To Net: NetName=NetBz1_2 Pin=Bz1-2
Added Pin To Net: NetName=NetBz1_2 Pin=Bz1-2A
Added Pin To Net: NetName=NetBz1_2 Pin=P1-3
Added Net: Name=NetBz1_2
Added Pin To Net: NetName=NetD1_1 Pin=D1-1
Added Net: Name=NetD1_1
Added Pin To Net: NetName=NetD1_2 Pin=D1-2
Added Pin To Net: NetName=NetD1_2 Pin=R2-2
Added Net: Name=NetD1_2
Added Pin To Net: NetName=NetR1_1 Pin=R1-1
Added Net: Name=NetR1_1
Added Pin To Net: NetName=PC4 Pin=P?-9
Added Net: Name=PC4
Added Pin To Net: NetName=PC5 Pin=P?-10
Added Net: Name=PC5
Added Pin To Net: NetName=RESET Pin=P?-6
Added Net: Name=RESET
Added Pin To Net: NetName=VIN Pin=P?-1
Added Net: Name=VIN
Added Class: Name=TopLevel
Added Class: Name=U_7segments
Added Class: Name=U_ArduinoHeaders
Added Class: Name=U_Sound
Added Room: Name=TopLevel
Added Room: Name=U_7segments
Added Room: Name=U_ArduinoHeaders
Added Room: Name=U_Sound
