Added Component: Designator=B*(PS1240P02BT)
Add component. Clean all parameters for all variants
Add component (AddParameter): Name = "ComponentLink1Description"; Value = "445-2525-1-ND"; VariantName = "[No Variations]"
Add component (AddParameter): Name = "ComponentLink1URL"; Value = "https://www.digikey.com/product-detail/en/tdk-corporation/PS1240P02BT/445-2525-1-ND/935930"; VariantName = "[No Variations]"
Added Component: Designator=D1(LED-1)
Add component. Clean all parameters for all variants
Add component (AddParameter): Name = "LatestRevisionDate"; Value = "08-Jul-2005"; VariantName = "[No Variations]"
Add component (AddParameter): Name = "LatestRevisionNote"; Value = "Mech Layer 1 removed."; VariantName = "[No Variations]"
Add component (AddParameter): Name = "PackageDescription"; Value = "LED; 2 Leads"; VariantName = "[No Variations]"
Add component (AddParameter): Name = "PackageReference"; Value = "LED-1"; VariantName = "[No Variations]"
Add component (AddParameter): Name = "Published"; Value = "8-Jun-2000"; VariantName = "[No Variations]"
Add component (AddParameter): Name = "Publisher"; Value = "Altium Limited"; VariantName = "[No Variations]"
Added Component: Designator=O1(SiT1534_SMD)
Add component. Clean all parameters for all variants
Add component (AddParameter): Name = "ComponentLink1Description"; Value = "1473-1537-6-ND"; VariantName = "[No Variations]"
Add component (AddParameter): Name = "ComponentLink1URL"; Value = "https://www.digikey.com/product-detail/en/sitime/SIT1534AI-H4-DCC-00.032G/1473-1537-6-ND/6561097"; VariantName = "[No Variations]"
Added Component: Designator=P1(VR5)
Add component. Clean all parameters for all variants
Add component (AddParameter): Name = "LatestRevisionDate"; Value = "17-Jul-2002"; VariantName = "[No Variations]"
Add component (AddParameter): Name = "LatestRevisionNote"; Value = "Re-released for DXP Platform."; VariantName = "[No Variations]"
Add component (AddParameter): Name = "PackageDescription"; Value = "Variable Resistor, Thru-Hole; 3 Leads"; VariantName = "[No Variations]"
Add component (AddParameter): Name = "PackageReference"; Value = "VR5"; VariantName = "[No Variations]"
Add component (AddParameter): Name = "Published"; Value = "8-Jun-2000"; VariantName = "[No Variations]"
Add component (AddParameter): Name = "Publisher"; Value = "Altium Limited"; VariantName = "[No Variations]"
Add component (AddParameter): Name = "Set Position"; Value = "0.5"; VariantName = "[No Variations]"
Add component (AddParameter): Name = "Sim Note"; Value = "Enter the Resistance value and the set point into parameter fields."; VariantName = "[No Variations]"
Add component (AddParameter): Name = "Value"; Value = "1K"; VariantName = "[No Variations]"
Added Component: Designator=P2(HDR1X10)
Add component. Clean all parameters for all variants
Add component (AddParameter): Name = "LatestRevisionDate"; Value = "17-Jul-2002"; VariantName = "[No Variations]"
Add component (AddParameter): Name = "LatestRevisionNote"; Value = "Re-released for DXP Platform."; VariantName = "[No Variations]"
Add component (AddParameter): Name = "Publisher"; Value = "Altium Limited"; VariantName = "[No Variations]"
Added Component: Designator=P3(HDR1X8)
Add component. Clean all parameters for all variants
Add component (AddParameter): Name = "LatestRevisionDate"; Value = "17-Jul-2002"; VariantName = "[No Variations]"
Add component (AddParameter): Name = "LatestRevisionNote"; Value = "Re-released for DXP Platform."; VariantName = "[No Variations]"
Add component (AddParameter): Name = "Publisher"; Value = "Altium Limited"; VariantName = "[No Variations]"
Added Component: Designator=P4(HDR1X8)
Add component. Clean all parameters for all variants
Add component (AddParameter): Name = "LatestRevisionDate"; Value = "17-Jul-2002"; VariantName = "[No Variations]"
Add component (AddParameter): Name = "LatestRevisionNote"; Value = "Re-released for DXP Platform."; VariantName = "[No Variations]"
Add component (AddParameter): Name = "Publisher"; Value = "Altium Limited"; VariantName = "[No Variations]"
Added Component: Designator=P5(HDR1X6)
Add component. Clean all parameters for all variants
Add component (AddParameter): Name = "LatestRevisionDate"; Value = "17-Jul-2002"; VariantName = "[No Variations]"
Add component (AddParameter): Name = "LatestRevisionNote"; Value = "Re-released for DXP Platform."; VariantName = "[No Variations]"
Add component (AddParameter): Name = "Publisher"; Value = "Altium Limited"; VariantName = "[No Variations]"
Added Component: Designator=R1(AXIAL-0.3)
Add component. Clean all parameters for all variants
Add component (AddParameter): Name = "LatestRevisionDate"; Value = "17-Jul-2002"; VariantName = "[No Variations]"
Add component (AddParameter): Name = "LatestRevisionNote"; Value = "Re-released for DXP Platform."; VariantName = "[No Variations]"
Add component (AddParameter): Name = "PackageDescription"; Value = "Axial Device, Thru-Hole; 2 Leads; 0.3 in Pin Spacing"; VariantName = "[No Variations]"
Add component (AddParameter): Name = "PackageReference"; Value = "AXIAL-0.3"; VariantName = "[No Variations]"
Add component (AddParameter): Name = "Published"; Value = "8-Jun-2000"; VariantName = "[No Variations]"
Add component (AddParameter): Name = "Publisher"; Value = "Altium Limited"; VariantName = "[No Variations]"
Add component (AddParameter): Name = "Value"; Value = "1K"; VariantName = "[No Variations]"
Added Component: Designator=R2(AXIAL-0.3)
Add component. Clean all parameters for all variants
Add component (AddParameter): Name = "LatestRevisionDate"; Value = "17-Jul-2002"; VariantName = "[No Variations]"
Add component (AddParameter): Name = "LatestRevisionNote"; Value = "Re-released for DXP Platform."; VariantName = "[No Variations]"
Add component (AddParameter): Name = "PackageDescription"; Value = "Axial Device, Thru-Hole; 2 Leads; 0.3 in Pin Spacing"; VariantName = "[No Variations]"
Add component (AddParameter): Name = "PackageReference"; Value = "AXIAL-0.3"; VariantName = "[No Variations]"
Add component (AddParameter): Name = "Published"; Value = "8-Jun-2000"; VariantName = "[No Variations]"
Add component (AddParameter): Name = "Publisher"; Value = "Altium Limited"; VariantName = "[No Variations]"
Add component (AddParameter): Name = "Value"; Value = "1K"; VariantName = "[No Variations]"
Added Component: Designator=RP1(4100R)
Add component. Clean all parameters for all variants
Added Component: Designator=S1(LDQ-516RI)
Add component. Clean all parameters for all variants
Add component (AddParameter): Name = "ComponentLink1Description"; Value = "67-1450-ND"; VariantName = "[No Variations]"
Add component (AddParameter): Name = "ComponentLink1URL"; Value = "https://www.digikey.com/products/en?keywords=LDQ-N516RI"; VariantName = "[No Variations]"
Added Component: Designator=S2(LDQ-516RI)
Add component. Clean all parameters for all variants
Add component (AddParameter): Name = "ComponentLink1Description"; Value = "67-1450-ND"; VariantName = "[No Variations]"
Add component (AddParameter): Name = "ComponentLink1URL"; Value = "https://www.digikey.com/products/en?keywords=LDQ-N516RI"; VariantName = "[No Variations]"
Added Component: Designator=X1(MAX7221)
Add component. Clean all parameters for all variants
Add component (AddParameter): Name = "ComponentLink1Description"; Value = "MAX7221CWG+-ND"; VariantName = "[No Variations]"
Add component (AddParameter): Name = "ComponentLink1URL"; Value = "https://www.digikey.com/product-detail/en/maxim-integrated/MAX7221CWG/MAX7221CWG-ND/948194"; VariantName = "[No Variations]"
Added Pin To Net: NetName=3 Pin=B*-1
Added Pin To Net: NetName=NetB*_2 Pin=B*-2
Added Pin To Net: NetName=NetD1_1 Pin=D1-1
Added Pin To Net: NetName=NetD1_2 Pin=D1-2
Added Pin To Net: NetName=GND Pin=O1-2
Added Pin To Net: NetName=2 Pin=O1-3
Added Pin To Net: NetName=+3.3V Pin=O1-4
Added Pin To Net: NetName=GND Pin=P1-2
Added Pin To Net: NetName=NetB*_2 Pin=P1-3
Added Pin To Net: NetName=8 Pin=P2-1
Added Pin To Net: NetName=9 Pin=P2-2
Added Pin To Net: NetName=10 Pin=P2-3
Added Pin To Net: NetName=11 Pin=P2-4
Added Pin To Net: NetName=12 Pin=P2-5
Added Pin To Net: NetName=13 Pin=P2-6
Added Pin To Net: NetName=GND Pin=P2-7
Added Pin To Net: NetName=AREF Pin=P2-8
Added Pin To Net: NetName=PC4 Pin=P2-9
Added Pin To Net: NetName=PC5 Pin=P2-10
Added Pin To Net: NetName=VIN Pin=P3-1
Added Pin To Net: NetName=GND Pin=P3-2
Added Pin To Net: NetName=GND Pin=P3-3
Added Pin To Net: NetName=+5V Pin=P3-4
Added Pin To Net: NetName=+3.3V Pin=P3-5
Added Pin To Net: NetName=RESET Pin=P3-6
Added Pin To Net: NetName=IOREF Pin=P3-7
Added Pin To Net: NetName=0 Pin=P4-1
Added Pin To Net: NetName=1 Pin=P4-2
Added Pin To Net: NetName=2 Pin=P4-3
Added Pin To Net: NetName=3 Pin=P4-4
Added Pin To Net: NetName=4 Pin=P4-5
Added Pin To Net: NetName=5 Pin=P4-6
Added Pin To Net: NetName=6 Pin=P4-7
Added Pin To Net: NetName=7 Pin=P4-8
Added Pin To Net: NetName=A5 Pin=P5-1
Added Pin To Net: NetName=A4 Pin=P5-2
Added Pin To Net: NetName=A3 Pin=P5-3
Added Pin To Net: NetName=A2 Pin=P5-4
Added Pin To Net: NetName=A1 Pin=P5-5
Added Pin To Net: NetName=A0 Pin=P5-6
Added Pin To Net: NetName=NetR1_1 Pin=R1-1
Added Pin To Net: NetName=+5V Pin=R1-2
Added Pin To Net: NetName=GND Pin=R2-1
Added Pin To Net: NetName=NetD1_2 Pin=R2-2
Added Pin To Net: NetName=4 Pin=RP1-1
Added Pin To Net: NetName=2 Pin=RP1-2
Added Pin To Net: NetName=5 Pin=RP1-3
Added Pin To Net: NetName=6 Pin=RP1-4
Added Pin To Net: NetName=GND Pin=RP1-16
Added Pin To Net: NetName=E Pin=S1-1
Added Pin To Net: NetName=D Pin=S1-2
Added Pin To Net: NetName=Dp Pin=S1-3
Added Pin To Net: NetName=C Pin=S1-4
Added Pin To Net: NetName=G Pin=S1-5
Added Pin To Net: NetName=D7 Pin=S1-6
Added Pin To Net: NetName=B Pin=S1-7
Added Pin To Net: NetName=D6 Pin=S1-8
Added Pin To Net: NetName=D5 Pin=S1-9
Added Pin To Net: NetName=F Pin=S1-10
Added Pin To Net: NetName=A Pin=S1-11
Added Pin To Net: NetName=D4 Pin=S1-12
Added Pin To Net: NetName=E Pin=S2-1
Added Pin To Net: NetName=D Pin=S2-2
Added Pin To Net: NetName=Dp Pin=S2-3
Added Pin To Net: NetName=C Pin=S2-4
Added Pin To Net: NetName=G Pin=S2-5
Added Pin To Net: NetName=D3 Pin=S2-6
Added Pin To Net: NetName=B Pin=S2-7
Added Pin To Net: NetName=D2 Pin=S2-8
Added Pin To Net: NetName=D1 Pin=S2-9
Added Pin To Net: NetName=F Pin=S2-10
Added Pin To Net: NetName=A Pin=S2-11
Added Pin To Net: NetName=D0 Pin=S2-12
Added Pin To Net: NetName=4 Pin=X1-1
Added Pin To Net: NetName=D0 Pin=X1-2
Added Pin To Net: NetName=D4 Pin=X1-3
Added Pin To Net: NetName=GND Pin=X1-4
Added Pin To Net: NetName=D6 Pin=X1-5
Added Pin To Net: NetName=D2 Pin=X1-6
Added Pin To Net: NetName=D3 Pin=X1-7
Added Pin To Net: NetName=D7 Pin=X1-8
Added Pin To Net: NetName=GND Pin=X1-9
Added Pin To Net: NetName=D5 Pin=X1-10
Added Pin To Net: NetName=D1 Pin=X1-11
Added Pin To Net: NetName=6 Pin=X1-12
Added Pin To Net: NetName=5 Pin=X1-13
Added Pin To Net: NetName=A Pin=X1-14
Added Pin To Net: NetName=F Pin=X1-15
Added Pin To Net: NetName=B Pin=X1-16
Added Pin To Net: NetName=G Pin=X1-17
Added Pin To Net: NetName=NetR1_1 Pin=X1-18
Added Pin To Net: NetName=+5V Pin=X1-19
Added Pin To Net: NetName=C Pin=X1-20
Added Pin To Net: NetName=E Pin=X1-21
Added Pin To Net: NetName=Dp Pin=X1-22
Added Pin To Net: NetName=D Pin=X1-23
Added Pin To Net: NetName=NetD1_1 Pin=X1-24
Added Member To Class: ClassName=U_Sound Member=Component B* PS1240P02BT
Added Member To Class: ClassName=U_7segments Member=Component D1 LED1
Added Member To Class: ClassName=TopLevel Member=Component O1 SIT1534AI-H4-DCC-00.032G
Added Member To Class: ClassName=U_Sound Member=Component P1 RPot
Added Member To Class: ClassName=U_ArduinoHeaders Member=Component P2 Header 10
Added Member To Class: ClassName=U_ArduinoHeaders Member=Component P3 Header 8
Added Member To Class: ClassName=U_ArduinoHeaders Member=Component P4 Header 8
Added Member To Class: ClassName=U_ArduinoHeaders Member=Component P5 Header 6
Added Member To Class: ClassName=U_7segments Member=Component R1 Res1
Added Member To Class: ClassName=U_7segments Member=Component R2 Res1
Added Member To Class: ClassName=TopLevel Member=Component RP1 4116R-2-103LF
Added Member To Class: ClassName=U_7segments Member=Component S1 LDQ-N516RI
Added Member To Class: ClassName=U_7segments Member=Component S2 LDQ-N516RI
Added Member To Class: ClassName=U_7segments Member=Component X1 MAX7221
Added Room: Name=TopLevel
Added Room: Name=U_7segments
Added Room: Name=U_ArduinoHeaders
Added Room: Name=U_Sound
