Removed Pin From Net: NetName=A7 Pin=H1-1
Removed Pin From Net: NetName=D13 Pin=H1-2
Removed Pin From Net: NetName=D12 Pin=H1-3
Removed Pin From Net: NetName=D11 Pin=H1-4
Removed Pin From Net: NetName=D10 Pin=H1-5
Removed Pin From Net: NetName=D9 Pin=H1-6
Removed Pin From Net: NetName=D8 Pin=H1-7
Removed Pin From Net: NetName=D7 Pin=H1-8
Change Component Footprint: Designator=H1 Old Footprint=HDR1X8 New Footprint=Header1X8
Change Component Comment : Designator=H1 Old Comment=Header 8 New Comment=68016-208HLF
Change component parameters: Designator = "H1"; Footprint = "Header1X8"; UniqueID = "\BBOOFTDX"
Change component parameters. Clean all parameters for all variants
Change component parameters (AddParameter): Name = "LatestRevisionDate"; Value = "17-Jul-2002"; VariantName = "[No Variations]"
Change component parameters (AddParameter): Name = "LatestRevisionNote"; Value = "Re-released for DXP Platform."; VariantName = "[No Variations]"
Change component parameters (AddParameter): Name = "Publisher"; Value = "Altium Limited"; VariantName = "[No Variations]"
Change component parameters (AddParameter): Name = "Supplier 1"; Value = "Digi-Key"; VariantName = "[No Variations]"
Change component parameters (AddParameter): Name = "Supplier Part Number 1"; Value = "609-3321-ND"; VariantName = "[No Variations]"
Added Pin To Net: NetName=D7 Pin=H1-1
Added Pin To Net: NetName=D8 Pin=H1-2
Added Pin To Net: NetName=D9 Pin=H1-3
Added Pin To Net: NetName=D10 Pin=H1-4
Added Pin To Net: NetName=D11 Pin=H1-5
Added Pin To Net: NetName=D12 Pin=H1-6
Added Pin To Net: NetName=D13 Pin=H1-7
Added Pin To Net: NetName=A7 Pin=H1-8
