Added Component: Designator=A1(Arduino Nano)
Add component. Clean all parameters for all variants
Added Component: Designator=B1(GPTS203211B)
Add component. Clean all parameters for all variants
Add component (AddParameter): Name = "ComponentLink1Description"; Value = "CW181-ND"; VariantName = "[No Variations]"
Add component (AddParameter): Name = "ComponentLink1URL"; Value = "https://www.digikey.com/product-detail/en/cw-industries/GPTS203211B/CW181-ND/3190590"; VariantName = "[No Variations]"
Add component (AddParameter): Name = "Supplier 1"; Value = "Digi-Key"; VariantName = "[No Variations]"
Add component (AddParameter): Name = "Supplier Part Number 1"; Value = "CW181-ND"; VariantName = "[No Variations]"
Added Component: Designator=B2(GPTS203211B)
Add component. Clean all parameters for all variants
Add component (AddParameter): Name = "ComponentLink1Description"; Value = "CW181-ND"; VariantName = "[No Variations]"
Add component (AddParameter): Name = "ComponentLink1URL"; Value = "https://www.digikey.com/product-detail/en/cw-industries/GPTS203211B/CW181-ND/3190590"; VariantName = "[No Variations]"
Add component (AddParameter): Name = "Supplier 1"; Value = "Digi-Key"; VariantName = "[No Variations]"
Add component (AddParameter): Name = "Supplier Part Number 1"; Value = "CW181-ND"; VariantName = "[No Variations]"
Added Component: Designator=B3(GPTS203211B)
Add component. Clean all parameters for all variants
Add component (AddParameter): Name = "ComponentLink1Description"; Value = "CW181-ND"; VariantName = "[No Variations]"
Add component (AddParameter): Name = "ComponentLink1URL"; Value = "https://www.digikey.com/product-detail/en/cw-industries/GPTS203211B/CW181-ND/3190590"; VariantName = "[No Variations]"
Add component (AddParameter): Name = "Supplier 1"; Value = "Digi-Key"; VariantName = "[No Variations]"
Add component (AddParameter): Name = "Supplier Part Number 1"; Value = "CW181-ND"; VariantName = "[No Variations]"
Added Component: Designator=B4(GPTS203211B)
Add component. Clean all parameters for all variants
Add component (AddParameter): Name = "ComponentLink1Description"; Value = "CW181-ND"; VariantName = "[No Variations]"
Add component (AddParameter): Name = "ComponentLink1URL"; Value = "https://www.digikey.com/product-detail/en/cw-industries/GPTS203211B/CW181-ND/3190590"; VariantName = "[No Variations]"
Add component (AddParameter): Name = "Supplier 1"; Value = "Digi-Key"; VariantName = "[No Variations]"
Add component (AddParameter): Name = "Supplier Part Number 1"; Value = "CW181-ND"; VariantName = "[No Variations]"
Added Component: Designator=B5(GPTS203211B)
Add component. Clean all parameters for all variants
Add component (AddParameter): Name = "ComponentLink1Description"; Value = "CW181-ND"; VariantName = "[No Variations]"
Add component (AddParameter): Name = "ComponentLink1URL"; Value = "https://www.digikey.com/product-detail/en/cw-industries/GPTS203211B/CW181-ND/3190590"; VariantName = "[No Variations]"
Add component (AddParameter): Name = "Supplier 1"; Value = "Digi-Key"; VariantName = "[No Variations]"
Add component (AddParameter): Name = "Supplier Part Number 1"; Value = "CW181-ND"; VariantName = "[No Variations]"
Added Component: Designator=B6(GPTS203211B)
Add component. Clean all parameters for all variants
Add component (AddParameter): Name = "ComponentLink1Description"; Value = "CW181-ND"; VariantName = "[No Variations]"
Add component (AddParameter): Name = "ComponentLink1URL"; Value = "https://www.digikey.com/product-detail/en/cw-industries/GPTS203211B/CW181-ND/3190590"; VariantName = "[No Variations]"
Add component (AddParameter): Name = "Supplier 1"; Value = "Digi-Key"; VariantName = "[No Variations]"
Add component (AddParameter): Name = "Supplier Part Number 1"; Value = "CW181-ND"; VariantName = "[No Variations]"
Added Component: Designator=BZ1(PS1240P02BT)
Add component. Clean all parameters for all variants
Add component (AddParameter): Name = "ComponentLink1Description"; Value = "445-2525-1-ND"; VariantName = "[No Variations]"
Add component (AddParameter): Name = "ComponentLink1URL"; Value = "https://www.digikey.com/product-detail/en/tdk-corporation/PS1240P02BT/445-2525-1-ND/935930"; VariantName = "[No Variations]"
Add component (AddParameter): Name = "Supplier 1"; Value = "Digi-Key"; VariantName = "[No Variations]"
Add component (AddParameter): Name = "Supplier Part Number 1"; Value = "445-2525-1-ND"; VariantName = "[No Variations]"
Added Component: Designator=D1(LED-1)
Add component. Clean all parameters for all variants
Add component (AddParameter): Name = "ComponentLink1Description"; Value = "160-1127-ND"; VariantName = "[No Variations]"
Add component (AddParameter): Name = "ComponentLink1URL"; Value = "https://www.digikey.com/product-detail/en/lite-on-inc/LTL-4223/160-1127-ND/200395"; VariantName = "[No Variations]"
Add component (AddParameter): Name = "LatestRevisionDate"; Value = "08-Jul-2005"; VariantName = "[No Variations]"
Add component (AddParameter): Name = "LatestRevisionNote"; Value = "Mech Layer 1 removed."; VariantName = "[No Variations]"
Add component (AddParameter): Name = "PackageDescription"; Value = "LED; 2 Leads"; VariantName = "[No Variations]"
Add component (AddParameter): Name = "PackageReference"; Value = "LED-1"; VariantName = "[No Variations]"
Add component (AddParameter): Name = "Published"; Value = "8-Jun-2000"; VariantName = "[No Variations]"
Add component (AddParameter): Name = "Publisher"; Value = "Altium Limited"; VariantName = "[No Variations]"
Added Component: Designator=D2(LED-1)
Add component. Clean all parameters for all variants
Add component (AddParameter): Name = "ComponentLink1Description"; Value = "160-1127-ND"; VariantName = "[No Variations]"
Add component (AddParameter): Name = "ComponentLink1URL"; Value = "https://www.digikey.com/product-detail/en/lite-on-inc/LTL-4223/160-1127-ND/200395"; VariantName = "[No Variations]"
Add component (AddParameter): Name = "LatestRevisionDate"; Value = "08-Jul-2005"; VariantName = "[No Variations]"
Add component (AddParameter): Name = "LatestRevisionNote"; Value = "Mech Layer 1 removed."; VariantName = "[No Variations]"
Add component (AddParameter): Name = "PackageDescription"; Value = "LED; 2 Leads"; VariantName = "[No Variations]"
Add component (AddParameter): Name = "PackageReference"; Value = "LED-1"; VariantName = "[No Variations]"
Add component (AddParameter): Name = "Published"; Value = "8-Jun-2000"; VariantName = "[No Variations]"
Add component (AddParameter): Name = "Publisher"; Value = "Altium Limited"; VariantName = "[No Variations]"
Added Component: Designator=DC1(PJ-037A)
Add component. Clean all parameters for all variants
Add component (AddParameter): Name = "ComponentLink1Description"; Value = "CP-037A-ND"; VariantName = "[No Variations]"
Add component (AddParameter): Name = "ComponentLink1URL"; Value = "https://www.digikey.com/product-detail/en/cui-inc/PJ-037A/CP-037A-ND/1644545"; VariantName = "[No Variations]"
Add component (AddParameter): Name = "Supplier 1"; Value = "Digi-Key"; VariantName = "[No Variations]"
Add component (AddParameter): Name = "Supplier Part Number 1"; Value = "CP-037A-ND"; VariantName = "[No Variations]"
Added Component: Designator=H1(HDR1X8)
Add component. Clean all parameters for all variants
Add component (AddParameter): Name = "LatestRevisionDate"; Value = "17-Jul-2002"; VariantName = "[No Variations]"
Add component (AddParameter): Name = "LatestRevisionNote"; Value = "Re-released for DXP Platform."; VariantName = "[No Variations]"
Add component (AddParameter): Name = "Publisher"; Value = "Altium Limited"; VariantName = "[No Variations]"
Added Component: Designator=O1(SiT1534_SMD)
Add component. Clean all parameters for all variants
Add component (AddParameter): Name = "ComponentLink1Description"; Value = "1473-1537-6-ND"; VariantName = "[No Variations]"
Add component (AddParameter): Name = "ComponentLink1URL"; Value = "https://www.digikey.com/product-detail/en/sitime/SIT1534AI-H4-DCC-00.032G/1473-1537-6-ND/6561097"; VariantName = "[No Variations]"
Add component (AddParameter): Name = "Supplier 1"; Value = "Digi-Key"; VariantName = "[No Variations]"
Add component (AddParameter): Name = "Supplier Part Number 1"; Value = "1473-1537-1-ND"; VariantName = "[No Variations]"
Added Component: Designator=P1(VR5)
Add component. Clean all parameters for all variants
Add component (AddParameter): Name = "LatestRevisionDate"; Value = "17-Jul-2002"; VariantName = "[No Variations]"
Add component (AddParameter): Name = "LatestRevisionNote"; Value = "Re-released for DXP Platform."; VariantName = "[No Variations]"
Add component (AddParameter): Name = "PackageDescription"; Value = "Variable Resistor, Thru-Hole; 3 Leads"; VariantName = "[No Variations]"
Add component (AddParameter): Name = "PackageReference"; Value = "VR5"; VariantName = "[No Variations]"
Add component (AddParameter): Name = "Published"; Value = "8-Jun-2000"; VariantName = "[No Variations]"
Add component (AddParameter): Name = "Publisher"; Value = "Altium Limited"; VariantName = "[No Variations]"
Add component (AddParameter): Name = "Set Position"; Value = "0.5"; VariantName = "[No Variations]"
Add component (AddParameter): Name = "Sim Note"; Value = "Enter the Resistance value and the set point into parameter fields."; VariantName = "[No Variations]"
Add component (AddParameter): Name = "Value"; Value = "1K"; VariantName = "[No Variations]"
Added Component: Designator=R1(AXIAL-0.3)
Add component. Clean all parameters for all variants
Add component (AddParameter): Name = "LatestRevisionDate"; Value = "17-Jul-2002"; VariantName = "[No Variations]"
Add component (AddParameter): Name = "LatestRevisionNote"; Value = "Re-released for DXP Platform."; VariantName = "[No Variations]"
Add component (AddParameter): Name = "PackageDescription"; Value = "Axial Device, Thru-Hole; 2 Leads; 0.3 in Pin Spacing"; VariantName = "[No Variations]"
Add component (AddParameter): Name = "PackageReference"; Value = "AXIAL-0.3"; VariantName = "[No Variations]"
Add component (AddParameter): Name = "Published"; Value = "8-Jun-2000"; VariantName = "[No Variations]"
Add component (AddParameter): Name = "Publisher"; Value = "Altium Limited"; VariantName = "[No Variations]"
Add component (AddParameter): Name = "Value"; Value = "1K"; VariantName = "[No Variations]"
Added Component: Designator=R2(AXIAL-0.3)
Add component. Clean all parameters for all variants
Add component (AddParameter): Name = "ComponentLink1Description"; Value = "CF14JT330RTR-ND"; VariantName = "[No Variations]"
Add component (AddParameter): Name = "ComponentLink1URL"; Value = "https://www.digikey.com/product-detail/en/stackpole-electronics-inc/CF14JT330R/CF14JT330RTR-ND/1741399"; VariantName = "[No Variations]"
Add component (AddParameter): Name = "LatestRevisionDate"; Value = "17-Jul-2002"; VariantName = "[No Variations]"
Add component (AddParameter): Name = "LatestRevisionNote"; Value = "Re-released for DXP Platform."; VariantName = "[No Variations]"
Add component (AddParameter): Name = "PackageDescription"; Value = "Axial Device, Thru-Hole; 2 Leads; 0.3 in Pin Spacing"; VariantName = "[No Variations]"
Add component (AddParameter): Name = "PackageReference"; Value = "AXIAL-0.3"; VariantName = "[No Variations]"
Add component (AddParameter): Name = "Published"; Value = "8-Jun-2000"; VariantName = "[No Variations]"
Add component (AddParameter): Name = "Publisher"; Value = "Altium Limited"; VariantName = "[No Variations]"
Add component (AddParameter): Name = "Value"; Value = "1k"; VariantName = "[No Variations]"
Added Component: Designator=R2(AXIAL-0.3)
Add component. Clean all parameters for all variants
Add component (AddParameter): Name = "ComponentLink1Description"; Value = "CF14JT330RTR-ND"; VariantName = "[No Variations]"
Add component (AddParameter): Name = "ComponentLink1URL"; Value = "https://www.digikey.com/product-detail/en/stackpole-electronics-inc/CF14JT330R/CF14JT330RTR-ND/1741399"; VariantName = "[No Variations]"
Add component (AddParameter): Name = "LatestRevisionDate"; Value = "17-Jul-2002"; VariantName = "[No Variations]"
Add component (AddParameter): Name = "LatestRevisionNote"; Value = "Re-released for DXP Platform."; VariantName = "[No Variations]"
Add component (AddParameter): Name = "PackageDescription"; Value = "Axial Device, Thru-Hole; 2 Leads; 0.3 in Pin Spacing"; VariantName = "[No Variations]"
Add component (AddParameter): Name = "PackageReference"; Value = "AXIAL-0.3"; VariantName = "[No Variations]"
Add component (AddParameter): Name = "Published"; Value = "8-Jun-2000"; VariantName = "[No Variations]"
Add component (AddParameter): Name = "Publisher"; Value = "Altium Limited"; VariantName = "[No Variations]"
Add component (AddParameter): Name = "Value"; Value = "330"; VariantName = "[No Variations]"
Added Component: Designator=RP1(4100R)
Add component. Clean all parameters for all variants
Add component (AddParameter): Name = "Supplier 1"; Value = "Digi-Key"; VariantName = "[No Variations]"
Add component (AddParameter): Name = "Supplier Part Number 1"; Value = "4116R-2-103LF-ND"; VariantName = "[No Variations]"
Added Component: Designator=S1(LDQ-516RI)
Add component. Clean all parameters for all variants
Add component (AddParameter): Name = "ComponentLink1Description"; Value = "67-1450-ND"; VariantName = "[No Variations]"
Add component (AddParameter): Name = "ComponentLink1URL"; Value = "https://www.digikey.com/products/en?keywords=LDQ-N516RI"; VariantName = "[No Variations]"
Add component (AddParameter): Name = "Supplier 1"; Value = "Digi-Key"; VariantName = "[No Variations]"
Add component (AddParameter): Name = "Supplier Part Number 1"; Value = "67-1450-ND"; VariantName = "[No Variations]"
Added Component: Designator=S2(LDQ-516RI)
Add component. Clean all parameters for all variants
Add component (AddParameter): Name = "ComponentLink1Description"; Value = "67-1450-ND"; VariantName = "[No Variations]"
Add component (AddParameter): Name = "ComponentLink1URL"; Value = "https://www.digikey.com/products/en?keywords=LDQ-N516RI"; VariantName = "[No Variations]"
Add component (AddParameter): Name = "Supplier 1"; Value = "Digi-Key"; VariantName = "[No Variations]"
Add component (AddParameter): Name = "Supplier Part Number 1"; Value = "67-1450-ND"; VariantName = "[No Variations]"
Added Component: Designator=SW0(SLG12014)
Add component. Clean all parameters for all variants
Add component (AddParameter): Name = "ComponentLink1Description"; Value = "679-3535-ND"; VariantName = "[No Variations]"
Add component (AddParameter): Name = "ComponentLink1URL"; Value = "https://www.digikey.com/product-detail/en/apem-inc/SLG12014/679-3535-ND/1797348"; VariantName = "[No Variations]"
Add component (AddParameter): Name = "Supplier 1"; Value = "Digi-Key"; VariantName = "[No Variations]"
Add component (AddParameter): Name = "Supplier Part Number 1"; Value = "SLG12014-ND"; VariantName = "[No Variations]"
Added Component: Designator=X1(MAX7221)
Add component. Clean all parameters for all variants
Add component (AddParameter): Name = "ComponentLink1Description"; Value = "MAX7221CWG+-ND"; VariantName = "[No Variations]"
Add component (AddParameter): Name = "ComponentLink1URL"; Value = "https://www.digikey.com/product-detail/en/maxim-integrated/MAX7221CWG/MAX7221CWG-ND/948194"; VariantName = "[No Variations]"
Add component (AddParameter): Name = "Supplier 1"; Value = "Digi-Key"; VariantName = "[No Variations]"
Add component (AddParameter): Name = "Supplier Part Number 1"; Value = "MAX7221CWG+-ND"; VariantName = "[No Variations]"
Added Pin To Net: NetName=GND Pin=A1-4
Added Pin To Net: NetName=Din Pin=A1-5
Added Pin To Net: NetName=CLK Pin=A1-6
Added Pin To Net: NetName=Dclk Pin=A1-7
Added Pin To Net: NetName=7S_CS* Pin=A1-8
Added Pin To Net: NetName=Buzz Pin=A1-9
Added Pin To Net: NetName=D7 Pin=A1-10
Added Pin To Net: NetName=D8 Pin=A1-11
Added Pin To Net: NetName=D9 Pin=A1-12
Added Pin To Net: NetName=D10 Pin=A1-13
Added Pin To Net: NetName=D11 Pin=A1-14
Added Pin To Net: NetName=D12 Pin=A1-15
Added Pin To Net: NetName=D13 Pin=A1-16
Added Pin To Net: NetName=+3.3V Pin=A1-17
Added Pin To Net: NetName=B0_o Pin=A1-19
Added Pin To Net: NetName=B1_o Pin=A1-20
Added Pin To Net: NetName=B2_o Pin=A1-21
Added Pin To Net: NetName=B3_o Pin=A1-22
Added Pin To Net: NetName=B4_o Pin=A1-23
Added Pin To Net: NetName=B5_o Pin=A1-24
Added Pin To Net: NetName=SW0_o Pin=A1-25
Added Pin To Net: NetName=A7 Pin=A1-26
Added Pin To Net: NetName=+5V Pin=A1-27
Added Pin To Net: NetName=GND Pin=A1-29
Added Pin To Net: NetName=+9V Pin=A1-30
Added Pin To Net: NetName=+3.3V Pin=B1-1
Added Pin To Net: NetName=+3.3V Pin=B1-1
Added Pin To Net: NetName=+3.3V Pin=B2-1
Added Pin To Net: NetName=+3.3V Pin=B2-1
Added Pin To Net: NetName=+3.3V Pin=B3-1
Added Pin To Net: NetName=+3.3V Pin=B3-1
Added Pin To Net: NetName=+3.3V Pin=B4-1
Added Pin To Net: NetName=+3.3V Pin=B4-1
Added Pin To Net: NetName=+3.3V Pin=B5-1
Added Pin To Net: NetName=+3.3V Pin=B5-1
Added Pin To Net: NetName=+3.3V Pin=B6-1
Added Pin To Net: NetName=+3.3V Pin=B6-1
Added Pin To Net: NetName=Buzz Pin=BZ1-1
Added Pin To Net: NetName=NetBZ1_2 Pin=BZ1-2
Added Pin To Net: NetName=NetD1_1 Pin=D1-1
Added Pin To Net: NetName=NetD1_2 Pin=D1-2
Added Pin To Net: NetName=+9V Pin=D2-1
Added Pin To Net: NetName=NetD2_2 Pin=D2-2
Added Pin To Net: NetName=+9V Pin=DC1-1
Added Pin To Net: NetName=GND Pin=DC1-2
Added Pin To Net: NetName=A7 Pin=H1-1
Added Pin To Net: NetName=D13 Pin=H1-2
Added Pin To Net: NetName=D12 Pin=H1-3
Added Pin To Net: NetName=D11 Pin=H1-4
Added Pin To Net: NetName=D10 Pin=H1-5
Added Pin To Net: NetName=D9 Pin=H1-6
Added Pin To Net: NetName=D8 Pin=H1-7
Added Pin To Net: NetName=D7 Pin=H1-8
Added Pin To Net: NetName=GND Pin=O1-2
Added Pin To Net: NetName=CLK Pin=O1-3
Added Pin To Net: NetName=+3.3V Pin=O1-4
Added Pin To Net: NetName=GND Pin=P1-2
Added Pin To Net: NetName=NetBZ1_2 Pin=P1-3
Added Pin To Net: NetName=NetR1_1 Pin=R1-1
Added Pin To Net: NetName=+5V Pin=R1-2
Added Pin To Net: NetName=GND Pin=R2-1
Added Pin To Net: NetName=GND Pin=R2-1
Added Pin To Net: NetName=NetD1_2 Pin=R2-2
Added Pin To Net: NetName=NetD2_2 Pin=R2-2
Added Pin To Net: NetName=Din Pin=RP1-1
Added Pin To Net: NetName=CLK Pin=RP1-2
Added Pin To Net: NetName=Dclk Pin=RP1-3
Added Pin To Net: NetName=7S_CS* Pin=RP1-4
Added Pin To Net: NetName=SW0_o Pin=RP1-9
Added Pin To Net: NetName=B5_o Pin=RP1-10
Added Pin To Net: NetName=B4_o Pin=RP1-11
Added Pin To Net: NetName=B3_o Pin=RP1-12
Added Pin To Net: NetName=B2_o Pin=RP1-13
Added Pin To Net: NetName=B1_o Pin=RP1-14
Added Pin To Net: NetName=B0_o Pin=RP1-15
Added Pin To Net: NetName=GND Pin=RP1-16
Added Pin To Net: NetName=E Pin=S1-1
Added Pin To Net: NetName=D Pin=S1-2
Added Pin To Net: NetName=Dp Pin=S1-3
Added Pin To Net: NetName=C Pin=S1-4
Added Pin To Net: NetName=G Pin=S1-5
Added Pin To Net: NetName=Digit7 Pin=S1-6
Added Pin To Net: NetName=B Pin=S1-7
Added Pin To Net: NetName=Digit6 Pin=S1-8
Added Pin To Net: NetName=Digit5 Pin=S1-9
Added Pin To Net: NetName=F Pin=S1-10
Added Pin To Net: NetName=A Pin=S1-11
Added Pin To Net: NetName=Digit4 Pin=S1-12
Added Pin To Net: NetName=E Pin=S2-1
Added Pin To Net: NetName=D Pin=S2-2
Added Pin To Net: NetName=Dp Pin=S2-3
Added Pin To Net: NetName=C Pin=S2-4
Added Pin To Net: NetName=G Pin=S2-5
Added Pin To Net: NetName=Digit3 Pin=S2-6
Added Pin To Net: NetName=B Pin=S2-7
Added Pin To Net: NetName=Digit2 Pin=S2-8
Added Pin To Net: NetName=Digit1 Pin=S2-9
Added Pin To Net: NetName=F Pin=S2-10
Added Pin To Net: NetName=A Pin=S2-11
Added Pin To Net: NetName=Digit0 Pin=S2-12
Added Pin To Net: NetName=+3.3V Pin=SW0-2
Added Pin To Net: NetName=SW0_o Pin=SW0-3
Added Pin To Net: NetName=Din Pin=X1-1
Added Pin To Net: NetName=Digit0 Pin=X1-2
Added Pin To Net: NetName=Digit4 Pin=X1-3
Added Pin To Net: NetName=GND Pin=X1-4
Added Pin To Net: NetName=Digit6 Pin=X1-5
Added Pin To Net: NetName=Digit2 Pin=X1-6
Added Pin To Net: NetName=Digit3 Pin=X1-7
Added Pin To Net: NetName=Digit7 Pin=X1-8
Added Pin To Net: NetName=GND Pin=X1-9
Added Pin To Net: NetName=Digit5 Pin=X1-10
Added Pin To Net: NetName=Digit1 Pin=X1-11
Added Pin To Net: NetName=7S_CS* Pin=X1-12
Added Pin To Net: NetName=Dclk Pin=X1-13
Added Pin To Net: NetName=A Pin=X1-14
Added Pin To Net: NetName=F Pin=X1-15
Added Pin To Net: NetName=B Pin=X1-16
Added Pin To Net: NetName=G Pin=X1-17
Added Pin To Net: NetName=NetR1_1 Pin=X1-18
Added Pin To Net: NetName=+5V Pin=X1-19
Added Pin To Net: NetName=C Pin=X1-20
Added Pin To Net: NetName=E Pin=X1-21
Added Pin To Net: NetName=Dp Pin=X1-22
Added Pin To Net: NetName=D Pin=X1-23
Added Pin To Net: NetName=NetD1_1 Pin=X1-24
Added Member To Class: ClassName=U_ArduinoNano Member=Component A1 ArduinoNano
Added Member To Class: ClassName=U_ButtonAndSwitches Member=Component B1 GPTS203211B
Added Member To Class: ClassName=U_ButtonAndSwitches Member=Component B2 GPTS203211B
Added Member To Class: ClassName=U_ButtonAndSwitches Member=Component B3 GPTS203211B
Added Member To Class: ClassName=U_ButtonAndSwitches Member=Component B4 GPTS203211B
Added Member To Class: ClassName=U_ButtonAndSwitches Member=Component B5 GPTS203211B
Added Member To Class: ClassName=U_ButtonAndSwitches Member=Component B6 GPTS203211B
Added Member To Class: ClassName=U_Sound Member=Component BZ1 PS1240P02BT
Added Member To Class: ClassName=U_7segments Member=Component D1 LTL-4223
Added Member To Class: ClassName=TopLevel Member=Component D2 LTL-4223
Added Member To Class: ClassName=TopLevel Member=Component DC1 PJ-037A
Added Member To Class: ClassName=TopLevel Member=Component H1 Header 8
Added Member To Class: ClassName=TopLevel Member=Component O1 SIT1534AI-H4-DCC-00.032G
Added Member To Class: ClassName=U_Sound Member=Component P1 RPot
Added Member To Class: ClassName=U_7segments Member=Component R1 Res1
Added Member To Class: ClassName=TopLevel Member=Component R2 CF14JT330R
Added Member To Class: ClassName=U_7segments Member=Component R2 CF14JT330R
Added Member To Class: ClassName=TopLevel Member=Component RP1 4116R-2-103LF
Added Member To Class: ClassName=U_7segments Member=Component S1 LDQ-N516RI
Added Member To Class: ClassName=U_7segments Member=Component S2 LDQ-N516RI
Added Member To Class: ClassName=U_ButtonAndSwitches Member=Component SW0 SLG12014
Added Member To Class: ClassName=U_7segments Member=Component X1 MAX7221
