Removed Pin From Net: NetName=+9V Pin=D2-1
Removed Pin From Net: NetName=+9V Pin=DC1-1
Removed Pin From Net: NetName=GND Pin=P1-2
Removed Pin From Net: NetName=NetBZ1_2 Pin=P1-3
Removed Pin From Net: NetName=+5V Pin=R1-2
Removed Pin From Net: NetName=GND Pin=R2-1
Removed Pin From Net: NetName=GND Pin=R2-1
Removed Member From Class: ClassName=U_7segments Member=D1
Removed Member From Class: ClassName=TopLevel Member=D2
Removed Member From Class: ClassName=U_Sound Member=P1
Removed Member From Class: ClassName=TopLevel Member=R2
Change Component Footprint: Designator=R1 Old Footprint=AXIAL-0.3 New Footprint=Resistor Through Hole
Change Component Footprint: Designator=R2 Old Footprint=AXIAL-0.3 New Footprint=Resistor Through Hole
Change Component Comment : Designator=R2 Old Comment=CF14JT330R New Comment=MFR-25FBF52-9K53
Change Component Comment : Designator=R1 Old Comment=Res1 New Comment=CF14JT330R
Change component parameters: Designator = "R1"; Footprint = "Resistor Through Hole"; UniqueID = "\YTTBEDBM\SQGCBWBA"
Change component parameters. Clean all parameters for all variants
Change component parameters (AddParameter): Name = "Supplier 1"; Value = "Digi-Key"; VariantName = "[No Variations]"
Change component parameters (AddParameter): Name = "Supplier Part Number 1"; Value = "CF14JT330RTR-ND"; VariantName = "[No Variations]"
Change component parameters: Designator = "R2"; Footprint = "Resistor Through Hole"; UniqueID = "\YTTBEDBM\BHGPJILN"
Change component parameters. Clean all parameters for all variants
Change component parameters (AddParameter): Name = "ComponentLink1Description"; Value = "9.53KXBK-ND"; VariantName = "[No Variations]"
Change component parameters (AddParameter): Name = "ComponentLink1URL"; Value = "https://www.digikey.com/product-detail/en/yageo/MFR-25FBF52-9K53/9.53KXBK-ND/13215"; VariantName = "[No Variations]"
Change component parameters (AddParameter): Name = "Supplier 1"; Value = "Digi-Key"; VariantName = "[No Variations]"
Change component parameters (AddParameter): Name = "Supplier Part Number 1"; Value = "9.53KXBK-ND"; VariantName = "[No Variations]"
Added Component: Designator=LED1(LED Through)
Add component. Clean all parameters for all variants
Add component (AddParameter): Name = "ComponentLink1Description"; Value = "160-1127-ND"; VariantName = "[No Variations]"
Add component (AddParameter): Name = "ComponentLink1URL"; Value = "https://www.digikey.com/product-detail/en/lite-on-inc/LTL-4223/160-1127-ND/200395"; VariantName = "[No Variations]"
Add component (AddParameter): Name = "Supplier 1"; Value = "Digi-Key"; VariantName = "[No Variations]"
Add component (AddParameter): Name = "Supplier Part Number 1"; Value = "160-1127-ND"; VariantName = "[No Variations]"
Added Component: Designator=LED2(LED Through)
Add component. Clean all parameters for all variants
Add component (AddParameter): Name = "ComponentLink1Description"; Value = "160-1127-ND"; VariantName = "[No Variations]"
Add component (AddParameter): Name = "ComponentLink1URL"; Value = "https://www.digikey.com/product-detail/en/lite-on-inc/LTL-4223/160-1127-ND/200395"; VariantName = "[No Variations]"
Add component (AddParameter): Name = "Supplier 1"; Value = "Digi-Key"; VariantName = "[No Variations]"
Add component (AddParameter): Name = "Supplier Part Number 1"; Value = "160-1127-ND"; VariantName = "[No Variations]"
Added Component: Designator=POT1(3310R-001)
Add component. Clean all parameters for all variants
Add component (AddParameter): Name = "ComponentLink1Description"; Value = "3310R-125-103L-ND"; VariantName = "[No Variations]"
Add component (AddParameter): Name = "ComponentLink1URL"; Value = "https://www.digikey.com/product-detail/en/bourns-inc/3310R-125-103L/3310R-125-103L-ND/2537840"; VariantName = "[No Variations]"
Add component (AddParameter): Name = "Supplier 1"; Value = "Digi-Key"; VariantName = "[No Variations]"
Add component (AddParameter): Name = "Supplier Part Number 1"; Value = "3310R-125-103L-ND"; VariantName = "[No Variations]"
Added Component: Designator=PWRSW(200MSP1T1B1M2QEH)
Add component. Clean all parameters for all variants
Add component (AddParameter): Name = "ComponentLink1Description"; Value = "EG2447-ND"; VariantName = "[No Variations]"
Add component (AddParameter): Name = "ComponentLink1URL"; Value = "https://www.digikey.com/product-detail/en/e-switch/200MSP1T1B1M2QEH/EG2447-ND/378916"; VariantName = "[No Variations]"
Add component (AddParameter): Name = "Supplier 1"; Value = "Digi-Key"; VariantName = "[No Variations]"
Add component (AddParameter): Name = "Supplier Part Number 1"; Value = "EG2447-ND"; VariantName = "[No Variations]"
Added Component: Designator=R3(Resistor Through Hole)
Add component. Clean all parameters for all variants
Add component (AddParameter): Name = "Supplier 1"; Value = "Digi-Key"; VariantName = "[No Variations]"
Add component (AddParameter): Name = "Supplier Part Number 1"; Value = "CF14JT1K00CT-ND"; VariantName = "[No Variations]"
Added Pin To Net: NetName=+9V Pin=LED2-1
Added Pin To Net: NetName=NetBZ1_2 Pin=POT1-2
Added Pin To Net: NetName=GND Pin=POT1-3
Added Pin To Net: NetName=+9V Pin=PWRSW-2
Added Pin To Net: NetName=GND Pin=R1-1
Added Pin To Net: NetName=+5V Pin=R2-2
Added Pin To Net: NetName=GND Pin=R3-2
Added Pin To Net: NetName=NetDC1_1 Pin=DC1-1
Added Pin To Net: NetName=NetDC1_1 Pin=PWRSW-3
Added Net: Name=NetDC1_1
Added Pin To Net: NetName=NetLED1_1 Pin=LED1-1
Added Pin To Net: NetName=NetLED1_1 Pin=X1-24
Added Net: Name=NetLED1_1
Added Pin To Net: NetName=NetLED1_2 Pin=LED1-2
Added Pin To Net: NetName=NetLED1_2 Pin=R1-2
Added Net: Name=NetLED1_2
Added Pin To Net: NetName=NetLED2_2 Pin=LED2-2
Added Pin To Net: NetName=NetLED2_2 Pin=R3-1
Added Net: Name=NetLED2_2
Added Pin To Net: NetName=NetR2_1 Pin=R2-1
Added Pin To Net: NetName=NetR2_1 Pin=X1-18
Added Net: Name=NetR2_1
Added Member To Class: ClassName=U_7segments Member=Component LED1 LTL-4223
Added Member To Class: ClassName=TopLevel Member=Component LED2 LTL-4223
Added Member To Class: ClassName=U_Sound Member=Component POT1 3310R-125-103L
Added Member To Class: ClassName=TopLevel Member=Component PWRSW 200MSP1T1B1M2QEH
Added Member To Class: ClassName=TopLevel Member=Component R3 CF14JT1K00
Added Room: Name=TopLevel
Added Room: Name=U_7segments
Added Room: Name=U_ArduinoNano
Added Room: Name=U_ButtonAndSwitches
Added Room: Name=U_Sound
